2006-10-18 20:58:52,405 - SimpleLog4JLogSystem initialized using logfile 'velocity.log'
2006-10-18 20:58:52,405 - ************************************************************** 
2006-10-18 20:58:52,405 - Starting Jakarta Velocity v1.4
2006-10-18 20:58:52,406 - RuntimeInstance initializing.
2006-10-18 20:58:52,406 - Default Properties File: org/apache/velocity/runtime/defaults/velocity.properties
2006-10-18 20:58:52,406 - Trying to use logger class org.apache.velocity.runtime.log.AvalonLogSystem
2006-10-18 20:58:52,406 - Couldn't find class org.apache.velocity.runtime.log.AvalonLogSystem or necessary supporting classes in classpath. Exception : java.lang.NoClassDefFoundError: org/apache/log/format/Formatter
2006-10-18 20:58:52,406 - Trying to use logger class org.apache.velocity.runtime.log.SimpleLog4JLogSystem
2006-10-18 20:58:52,406 - Using logger class org.apache.velocity.runtime.log.SimpleLog4JLogSystem
2006-10-18 20:58:52,422 - Default ResourceManager initializing. (class org.apache.velocity.runtime.resource.ResourceManagerImpl)
2006-10-18 20:58:52,432 - Resource Loader Instantiated: org.apache.velocity.runtime.resource.loader.ClasspathResourceLoader
2006-10-18 20:58:52,432 - ClasspathResourceLoader : initialization starting.
2006-10-18 20:58:52,432 - ClasspathResourceLoader : initialization complete.
2006-10-18 20:58:52,432 - Resource Loader Instantiated: org.apache.velocity.tools.view.servlet.WebappLoader
2006-10-18 20:58:52,433 - WebappLoader : initialization starting.
2006-10-18 20:58:52,433 - WebappLoader : initialization complete.
2006-10-18 20:58:52,436 - ResourceCache : initialized. (class org.apache.velocity.runtime.resource.ResourceCacheImpl)
2006-10-18 20:58:52,436 - Default ResourceManager initialization complete.
2006-10-18 20:58:52,440 - Loaded System Directive: org.apache.velocity.runtime.directive.Literal
2006-10-18 20:58:52,443 - Loaded System Directive: org.apache.velocity.runtime.directive.Macro
2006-10-18 20:58:52,454 - Loaded System Directive: org.apache.velocity.runtime.directive.Parse
2006-10-18 20:58:52,459 - Loaded System Directive: org.apache.velocity.runtime.directive.Include
2006-10-18 20:58:52,461 - Loaded System Directive: org.apache.velocity.runtime.directive.Foreach
2006-10-18 20:58:52,463 - Loaded User Directive: net.sf.navigator.displayer.LocalDirective
2006-10-18 20:58:52,538 - Created: 20 parsers.
2006-10-18 20:58:52,567 - Velocimacro : initialization starting.
2006-10-18 20:58:52,567 - Velocimacro : adding VMs from VM library template : net/sf/navigator/displayer/globalMacros.vm
2006-10-18 20:58:52,589 - Velocimacro : added new VM : #eval( _macro ) : source = net/sf/navigator/displayer/globalMacros.vm
2006-10-18 20:58:52,620 - Velocimacro : added new VM : #displayMenu( menu level ) : source = net/sf/navigator/displayer/globalMacros.vm
2006-10-18 20:58:52,708 - ResourceManager : found net/sf/navigator/displayer/globalMacros.vm with loader org.apache.velocity.runtime.resource.loader.ClasspathResourceLoader
2006-10-18 20:58:52,708 - Velocimacro :  VM library template macro registration complete.
2006-10-18 20:58:52,708 - Velocimacro : adding VMs from VM library template : menuMacros.vm
2006-10-18 20:58:52,725 - ResourceManager : unable to find resource 'menuMacros.vm' in any resource loader.
2006-10-18 20:58:52,725 - Velocimacro : error using  VM library template menuMacros.vm : org.apache.velocity.exception.ResourceNotFoundException: Unable to find resource 'menuMacros.vm'
2006-10-18 20:58:52,725 - Velocimacro :  VM library template macro registration complete.
2006-10-18 20:58:52,725 - Velocimacro : allowInline = true : VMs can be defined inline in templates
2006-10-18 20:58:52,725 - Velocimacro : allowInlineToOverride = true : VMs defined inline may replace previous VM definitions
2006-10-18 20:58:52,725 - Velocimacro : allowInlineLocal = false : VMs defined inline will be  global in scope if allowed.
2006-10-18 20:58:52,725 - Velocimacro : messages on  : VM system will output logging messages
2006-10-18 20:58:52,725 - Velocimacro : autoload on  : VM system will automatically reload global library macros
2006-10-18 20:58:52,725 - Velocimacro : initialization complete.
2006-10-18 20:58:52,726 - Velocity successfully started.
2006-10-18 20:59:14,432 - SimpleLog4JLogSystem initialized using logfile 'velocity.log'
2006-10-18 20:59:14,432 - ************************************************************** 
2006-10-18 20:59:14,433 - Starting Jakarta Velocity v1.4
2006-10-18 20:59:14,433 - RuntimeInstance initializing.
2006-10-18 20:59:14,433 - Default Properties File: org/apache/velocity/runtime/defaults/velocity.properties
2006-10-18 20:59:14,433 - Trying to use logger class org.apache.velocity.runtime.log.AvalonLogSystem
2006-10-18 20:59:14,433 - Couldn't find class org.apache.velocity.runtime.log.AvalonLogSystem or necessary supporting classes in classpath. Exception : java.lang.NoClassDefFoundError: org/apache/log/format/Formatter
2006-10-18 20:59:14,433 - Trying to use logger class org.apache.velocity.runtime.log.SimpleLog4JLogSystem
2006-10-18 20:59:14,433 - Using logger class org.apache.velocity.runtime.log.SimpleLog4JLogSystem
2006-10-18 20:59:14,437 - Default ResourceManager initializing. (class org.apache.velocity.runtime.resource.ResourceManagerImpl)
2006-10-18 20:59:14,449 - Resource Loader Instantiated: org.apache.velocity.runtime.resource.loader.ClasspathResourceLoader
2006-10-18 20:59:14,449 - ClasspathResourceLoader : initialization starting.
2006-10-18 20:59:14,449 - ClasspathResourceLoader : initialization complete.
2006-10-18 20:59:14,449 - Resource Loader Instantiated: org.apache.velocity.tools.view.servlet.WebappLoader
2006-10-18 20:59:14,449 - WebappLoader : initialization starting.
2006-10-18 20:59:14,449 - WebappLoader : initialization complete.
2006-10-18 20:59:14,454 - ResourceCache : initialized. (class org.apache.velocity.runtime.resource.ResourceCacheImpl)
2006-10-18 20:59:14,454 - Default ResourceManager initialization complete.
2006-10-18 20:59:14,456 - Loaded System Directive: org.apache.velocity.runtime.directive.Literal
2006-10-18 20:59:14,461 - Loaded System Directive: org.apache.velocity.runtime.directive.Macro
2006-10-18 20:59:14,469 - Loaded System Directive: org.apache.velocity.runtime.directive.Parse
2006-10-18 20:59:14,475 - Loaded System Directive: org.apache.velocity.runtime.directive.Include
2006-10-18 20:59:14,477 - Loaded System Directive: org.apache.velocity.runtime.directive.Foreach
2006-10-18 20:59:14,480 - Loaded User Directive: net.sf.navigator.displayer.LocalDirective
2006-10-18 20:59:14,551 - Created: 20 parsers.
2006-10-18 20:59:14,569 - Velocimacro : initialization starting.
2006-10-18 20:59:14,569 - Velocimacro : adding VMs from VM library template : net/sf/navigator/displayer/globalMacros.vm
2006-10-18 20:59:14,591 - Velocimacro : added new VM : #eval( _macro ) : source = net/sf/navigator/displayer/globalMacros.vm
2006-10-18 20:59:14,620 - Velocimacro : added new VM : #displayMenu( menu level ) : source = net/sf/navigator/displayer/globalMacros.vm
2006-10-18 20:59:14,698 - ResourceManager : found net/sf/navigator/displayer/globalMacros.vm with loader org.apache.velocity.runtime.resource.loader.ClasspathResourceLoader
2006-10-18 20:59:14,698 - Velocimacro :  VM library template macro registration complete.
2006-10-18 20:59:14,698 - Velocimacro : adding VMs from VM library template : menuMacros.vm
2006-10-18 20:59:14,700 - ResourceManager : unable to find resource 'menuMacros.vm' in any resource loader.
2006-10-18 20:59:14,700 - Velocimacro : error using  VM library template menuMacros.vm : org.apache.velocity.exception.ResourceNotFoundException: Unable to find resource 'menuMacros.vm'
2006-10-18 20:59:14,700 - Velocimacro :  VM library template macro registration complete.
2006-10-18 20:59:14,700 - Velocimacro : allowInline = true : VMs can be defined inline in templates
2006-10-18 20:59:14,700 - Velocimacro : allowInlineToOverride = true : VMs defined inline may replace previous VM definitions
2006-10-18 20:59:14,700 - Velocimacro : allowInlineLocal = false : VMs defined inline will be  global in scope if allowed.
2006-10-18 20:59:14,700 - Velocimacro : messages on  : VM system will output logging messages
2006-10-18 20:59:14,700 - Velocimacro : autoload on  : VM system will automatically reload global library macros
2006-10-18 20:59:14,700 - Velocimacro : initialization complete.
2006-10-18 20:59:14,700 - Velocity successfully started.
2006-10-18 20:59:19,915 - SimpleLog4JLogSystem initialized using logfile 'velocity.log'
2006-10-18 20:59:19,915 - ************************************************************** 
2006-10-18 20:59:19,915 - Starting Jakarta Velocity v1.4
2006-10-18 20:59:19,915 - RuntimeInstance initializing.
2006-10-18 20:59:19,915 - Default Properties File: org/apache/velocity/runtime/defaults/velocity.properties
2006-10-18 20:59:19,915 - Trying to use logger class org.apache.velocity.runtime.log.AvalonLogSystem
2006-10-18 20:59:19,915 - Couldn't find class org.apache.velocity.runtime.log.AvalonLogSystem or necessary supporting classes in classpath. Exception : java.lang.NoClassDefFoundError: org/apache/log/format/Formatter
2006-10-18 20:59:19,915 - Trying to use logger class org.apache.velocity.runtime.log.SimpleLog4JLogSystem
2006-10-18 20:59:19,915 - Using logger class org.apache.velocity.runtime.log.SimpleLog4JLogSystem
2006-10-18 20:59:19,928 - Default ResourceManager initializing. (class org.apache.velocity.runtime.resource.ResourceManagerImpl)
2006-10-18 20:59:19,937 - Resource Loader Instantiated: org.apache.velocity.runtime.resource.loader.ClasspathResourceLoader
2006-10-18 20:59:19,937 - ClasspathResourceLoader : initialization starting.
2006-10-18 20:59:19,937 - ClasspathResourceLoader : initialization complete.
2006-10-18 20:59:19,937 - Resource Loader Instantiated: org.apache.velocity.tools.view.servlet.WebappLoader
2006-10-18 20:59:19,937 - WebappLoader : initialization starting.
2006-10-18 20:59:19,937 - WebappLoader : initialization complete.
2006-10-18 20:59:19,942 - ResourceCache : initialized. (class org.apache.velocity.runtime.resource.ResourceCacheImpl)
2006-10-18 20:59:19,942 - Default ResourceManager initialization complete.
2006-10-18 20:59:19,945 - Loaded System Directive: org.apache.velocity.runtime.directive.Literal
2006-10-18 20:59:19,962 - Loaded System Directive: org.apache.velocity.runtime.directive.Macro
2006-10-18 20:59:19,970 - Loaded System Directive: org.apache.velocity.runtime.directive.Parse
2006-10-18 20:59:19,978 - Loaded System Directive: org.apache.velocity.runtime.directive.Include
2006-10-18 20:59:19,980 - Loaded System Directive: org.apache.velocity.runtime.directive.Foreach
2006-10-18 20:59:19,999 - Loaded User Directive: net.sf.navigator.displayer.LocalDirective
2006-10-18 20:59:20,330 - Created: 20 parsers.
2006-10-18 20:59:20,352 - Velocimacro : initialization starting.
2006-10-18 20:59:20,352 - Velocimacro : adding VMs from VM library template : net/sf/navigator/displayer/globalMacros.vm
2006-10-18 20:59:20,384 - Velocimacro : added new VM : #eval( _macro ) : source = net/sf/navigator/displayer/globalMacros.vm
2006-10-18 20:59:20,417 - Velocimacro : added new VM : #displayMenu( menu level ) : source = net/sf/navigator/displayer/globalMacros.vm
2006-10-18 20:59:20,488 - ResourceManager : found net/sf/navigator/displayer/globalMacros.vm with loader org.apache.velocity.runtime.resource.loader.ClasspathResourceLoader
2006-10-18 20:59:20,489 - Velocimacro :  VM library template macro registration complete.
2006-10-18 20:59:20,489 - Velocimacro : adding VMs from VM library template : menuMacros.vm
2006-10-18 20:59:20,490 - ResourceManager : unable to find resource 'menuMacros.vm' in any resource loader.
2006-10-18 20:59:20,490 - Velocimacro : error using  VM library template menuMacros.vm : org.apache.velocity.exception.ResourceNotFoundException: Unable to find resource 'menuMacros.vm'
2006-10-18 20:59:20,490 - Velocimacro :  VM library template macro registration complete.
2006-10-18 20:59:20,490 - Velocimacro : allowInline = true : VMs can be defined inline in templates
2006-10-18 20:59:20,490 - Velocimacro : allowInlineToOverride = true : VMs defined inline may replace previous VM definitions
2006-10-18 20:59:20,490 - Velocimacro : allowInlineLocal = false : VMs defined inline will be  global in scope if allowed.
2006-10-18 20:59:20,490 - Velocimacro : messages on  : VM system will output logging messages
2006-10-18 20:59:20,490 - Velocimacro : autoload on  : VM system will automatically reload global library macros
2006-10-18 20:59:20,490 - Velocimacro : initialization complete.
2006-10-18 20:59:20,490 - Velocity successfully started.
