[178140] StackTrace Sanitizing stacktrace:
java.lang.NullPointerException
	at org.codehaus.groovy.runtime.InvokerHelper.getProperty(InvokerHelper.java:178)
	at org.codehaus.groovy.runtime.ScriptBytecodeAdapter.getProperty(ScriptBytecodeAdapter.java:474)
	at Users_mraible_dev_appfuse_light_extras_grails_web_app_selenium_tests_user_gsp$_run_closure2.doCall(Users_mraible_dev_appfuse_light_extras_grails_web_app_selenium_tests_user_gsp:30)
	at sun.reflect.NativeMethodAccessorImpl.invoke0(Native Method)
	at sun.reflect.NativeMethodAccessorImpl.invoke(NativeMethodAccessorImpl.java:39)
	at sun.reflect.DelegatingMethodAccessorImpl.invoke(DelegatingMethodAccessorImpl.java:25)
	at java.lang.reflect.Method.invoke(Method.java:585)
	at org.codehaus.groovy.reflection.CachedMethod.invoke(CachedMethod.java:86)
	at groovy.lang.MetaMethod.doMethodInvoke(MetaMethod.java:226)
	at groovy.lang.MetaClassImpl.invokeMethod(MetaClassImpl.java:899)
	at groovy.lang.ExpandoMetaClass.invokeMethod(ExpandoMetaClass.java:946)
	at org.codehaus.groovy.runtime.ScriptBytecodeAdapter.invokeMethodOnCurrentN(ScriptBytecodeAdapter.java:77)
	at Users_mraible_dev_appfuse_light_extras_grails_web_app_selenium_tests_user_gsp$_run_closure2.doCall(Users_mraible_dev_appfuse_light_extras_grails_web_app_selenium_tests_user_gsp)
	at sun.reflect.NativeMethodAccessorImpl.invoke0(Native Method)
	at sun.reflect.NativeMethodAccessorImpl.invoke(NativeMethodAccessorImpl.java:39)
	at sun.reflect.DelegatingMethodAccessorImpl.invoke(DelegatingMethodAccessorImpl.java:25)
	at java.lang.reflect.Method.invoke(Method.java:585)
	at org.codehaus.groovy.reflection.CachedMethod.invoke(CachedMethod.java:86)
	at groovy.lang.MetaMethod.doMethodInvoke(MetaMethod.java:226)
	at groovy.lang.MetaClassImpl.invokeMethod(MetaClassImpl.java:899)
	at groovy.lang.ExpandoMetaClass.invokeMethod(ExpandoMetaClass.java:946)
	at groovy.lang.MetaClassImpl.invokeMethod(MetaClassImpl.java:740)
	at groovy.lang.Closure.call(Closure.java:292)
	at groovy.lang.Closure.call(Closure.java:287)
	at org.codehaus.groovy.grails.web.taglib.GroovyPageTagBody.captureClosureOutput(GroovyPageTagBody.java:88)
	at org.codehaus.groovy.grails.web.taglib.GroovyPageTagBody.call(GroovyPageTagBody.java:123)
	at sun.reflect.NativeMethodAccessorImpl.invoke0(Native Method)
	at sun.reflect.NativeMethodAccessorImpl.invoke(NativeMethodAccessorImpl.java:39)
	at sun.reflect.DelegatingMethodAccessorImpl.invoke(DelegatingMethodAccessorImpl.java:25)
	at java.lang.reflect.Method.invoke(Method.java:585)
	at org.codehaus.groovy.reflection.CachedMethod.invoke(CachedMethod.java:86)
	at groovy.lang.MetaMethod.doMethodInvoke(MetaMethod.java:226)
	at groovy.lang.MetaClassImpl.invokeMethod(MetaClassImpl.java:899)
	at groovy.lang.ExpandoMetaClass.invokeMethod(ExpandoMetaClass.java:946)
	at groovy.lang.MetaClassImpl.invokeMethod(MetaClassImpl.java:740)
	at org.codehaus.groovy.runtime.InvokerHelper.invokePogoMethod(InvokerHelper.java:777)
	at org.codehaus.groovy.runtime.InvokerHelper.invokeMethod(InvokerHelper.java:757)
	at org.codehaus.groovy.runtime.ScriptBytecodeAdapter.invokeMethodN(ScriptBytecodeAdapter.java:167)
	at org.codehaus.groovy.runtime.ScriptBytecodeAdapter.invokeClosure(ScriptBytecodeAdapter.java:598)
	at SeleniumTagLib$_closure1.doCall(SeleniumTagLib.groovy:5)
	at sun.reflect.NativeMethodAccessorImpl.invoke0(Native Method)
	at sun.reflect.NativeMethodAccessorImpl.invoke(NativeMethodAccessorImpl.java:39)
	at sun.reflect.DelegatingMethodAccessorImpl.invoke(DelegatingMethodAccessorImpl.java:25)
	at java.lang.reflect.Method.invoke(Method.java:585)
	at org.codehaus.groovy.reflection.CachedMethod.invoke(CachedMethod.java:86)
	at groovy.lang.MetaMethod.doMethodInvoke(MetaMethod.java:226)
	at groovy.lang.MetaClassImpl.invokeMethod(MetaClassImpl.java:899)
	at groovy.lang.ExpandoMetaClass.invokeMethod(ExpandoMetaClass.java:946)
	at groovy.lang.MetaClassImpl.invokeMethod(MetaClassImpl.java:740)
	at groovy.lang.Closure.call(Closure.java:292)
	at org.codehaus.groovy.grails.web.pages.GroovyPage.invokeTag(GroovyPage.java:219)
	at sun.reflect.NativeMethodAccessorImpl.invoke0(Native Method)
	at sun.reflect.NativeMethodAccessorImpl.invoke(NativeMethodAccessorImpl.java:39)
	at sun.reflect.DelegatingMethodAccessorImpl.invoke(DelegatingMethodAccessorImpl.java:25)
	at java.lang.reflect.Method.invoke(Method.java:585)
	at org.codehaus.groovy.reflection.CachedMethod.invoke(CachedMethod.java:86)
	at groovy.lang.MetaMethod.doMethodInvoke(MetaMethod.java:226)
	at groovy.lang.MetaClassImpl.invokeMethod(MetaClassImpl.java:899)
	at groovy.lang.ExpandoMetaClass.invokeMethod(ExpandoMetaClass.java:946)
	at org.codehaus.groovy.runtime.ScriptBytecodeAdapter.invokeMethodOnCurrentN(ScriptBytecodeAdapter.java:77)
	at Users_mraible_dev_appfuse_light_extras_grails_web_app_selenium_tests_user_gsp.run(Users_mraible_dev_appfuse_light_extras_grails_web_app_selenium_tests_user_gsp:50)
	at org.codehaus.groovy.grails.web.pages.GroovyPageWritable.writeTo(GroovyPageWritable.java:134)
	at org.codehaus.groovy.grails.web.pages.GroovyPagesServlet.renderPageWithEngine(GroovyPagesServlet.java:157)
	at org.codehaus.groovy.grails.web.pages.GroovyPagesServlet.doPage(GroovyPagesServlet.java:131)
	at org.codehaus.groovy.grails.web.pages.GroovyPagesServlet.doGet(GroovyPagesServlet.java:95)
	at javax.servlet.http.HttpServlet.service(HttpServlet.java:707)
	at javax.servlet.http.HttpServlet.service(HttpServlet.java:820)
	at org.mortbay.jetty.servlet.ServletHolder.handle(ServletHolder.java:487)
	at org.mortbay.jetty.servlet.ServletHandler$CachedChain.doFilter(ServletHandler.java:1098)
	at org.codehaus.groovy.grails.web.mapping.filter.UrlMappingsFilter.processFilterChain(UrlMappingsFilter.java:156)
	at org.codehaus.groovy.grails.web.mapping.filter.UrlMappingsFilter.doFilterInternal(UrlMappingsFilter.java:147)
	at org.springframework.web.filter.OncePerRequestFilter.doFilter(OncePerRequestFilter.java:75)
	at org.mortbay.jetty.servlet.ServletHandler$CachedChain.doFilter(ServletHandler.java:1089)
	at org.codehaus.groovy.grails.web.sitemesh.GrailsPageFilter.parsePage(GrailsPageFilter.java:119)
	at org.codehaus.groovy.grails.web.sitemesh.GrailsPageFilter.doFilter(GrailsPageFilter.java:82)
	at org.mortbay.jetty.servlet.ServletHandler$CachedChain.doFilter(ServletHandler.java:1089)
	at org.codehaus.groovy.grails.web.servlet.filter.GrailsReloadServletFilter.doFilterInternal(GrailsReloadServletFilter.java:98)
	at org.springframework.web.filter.OncePerRequestFilter.doFilter(OncePerRequestFilter.java:75)
	at org.mortbay.jetty.servlet.ServletHandler$CachedChain.doFilter(ServletHandler.java:1089)
	at org.codehaus.groovy.grails.web.servlet.mvc.GrailsWebRequestFilter.doFilterInternal(GrailsWebRequestFilter.java:68)
	at org.springframework.web.filter.OncePerRequestFilter.doFilter(OncePerRequestFilter.java:75)
	at org.mortbay.jetty.servlet.ServletHandler$CachedChain.doFilter(ServletHandler.java:1089)
	at org.springframework.web.filter.CharacterEncodingFilter.doFilterInternal(CharacterEncodingFilter.java:96)
	at org.springframework.web.filter.OncePerRequestFilter.doFilter(OncePerRequestFilter.java:75)
	at org.springframework.web.filter.DelegatingFilterProxy.invokeDelegate(DelegatingFilterProxy.java:183)
	at org.springframework.web.filter.DelegatingFilterProxy.doFilter(DelegatingFilterProxy.java:138)
	at org.mortbay.jetty.servlet.ServletHandler$CachedChain.doFilter(ServletHandler.java:1089)
	at org.mortbay.jetty.servlet.ServletHandler.handle(ServletHandler.java:365)
	at org.mortbay.jetty.security.SecurityHandler.handle(SecurityHandler.java:216)
	at org.mortbay.jetty.servlet.SessionHandler.handle(SessionHandler.java:181)
	at org.mortbay.jetty.handler.ContextHandler.handle(ContextHandler.java:712)
	at org.mortbay.jetty.webapp.WebAppContext.handle(WebAppContext.java:405)
	at org.mortbay.jetty.handler.HandlerWrapper.handle(HandlerWrapper.java:139)
	at org.mortbay.jetty.Server.handle(Server.java:295)
	at org.mortbay.jetty.HttpConnection.handleRequest(HttpConnection.java:503)
	at org.mortbay.jetty.HttpConnection$RequestHandler.headerComplete(HttpConnection.java:827)
	at org.mortbay.jetty.HttpParser.parseNext(HttpParser.java:511)
	at org.mortbay.jetty.HttpParser.parseAvailable(HttpParser.java:210)
	at org.mortbay.jetty.HttpConnection.handle(HttpConnection.java:379)
	at org.mortbay.io.nio.SelectChannelEndPoint.run(SelectChannelEndPoint.java:361)
	at org.mortbay.thread.BoundedThreadPool$PoolThread.run(BoundedThreadPool.java:442)
[180468] StackTrace Sanitizing stacktrace:
java.lang.NullPointerException
	at org.codehaus.groovy.runtime.InvokerHelper.getProperty(InvokerHelper.java:178)
	at org.codehaus.groovy.runtime.ScriptBytecodeAdapter.getProperty(ScriptBytecodeAdapter.java:474)
	at Users_mraible_dev_appfuse_light_extras_grails_web_app_selenium_tests_user_gsp$_run_closure2.doCall(Users_mraible_dev_appfuse_light_extras_grails_web_app_selenium_tests_user_gsp:30)
	at sun.reflect.NativeMethodAccessorImpl.invoke0(Native Method)
	at sun.reflect.NativeMethodAccessorImpl.invoke(NativeMethodAccessorImpl.java:39)
	at sun.reflect.DelegatingMethodAccessorImpl.invoke(DelegatingMethodAccessorImpl.java:25)
	at java.lang.reflect.Method.invoke(Method.java:585)
	at org.codehaus.groovy.reflection.CachedMethod.invoke(CachedMethod.java:86)
	at groovy.lang.MetaMethod.doMethodInvoke(MetaMethod.java:226)
	at groovy.lang.MetaClassImpl.invokeMethod(MetaClassImpl.java:899)
	at groovy.lang.ExpandoMetaClass.invokeMethod(ExpandoMetaClass.java:946)
	at org.codehaus.groovy.runtime.ScriptBytecodeAdapter.invokeMethodOnCurrentN(ScriptBytecodeAdapter.java:77)
	at Users_mraible_dev_appfuse_light_extras_grails_web_app_selenium_tests_user_gsp$_run_closure2.doCall(Users_mraible_dev_appfuse_light_extras_grails_web_app_selenium_tests_user_gsp)
	at sun.reflect.NativeMethodAccessorImpl.invoke0(Native Method)
	at sun.reflect.NativeMethodAccessorImpl.invoke(NativeMethodAccessorImpl.java:39)
	at sun.reflect.DelegatingMethodAccessorImpl.invoke(DelegatingMethodAccessorImpl.java:25)
	at java.lang.reflect.Method.invoke(Method.java:585)
	at org.codehaus.groovy.reflection.CachedMethod.invoke(CachedMethod.java:86)
	at groovy.lang.MetaMethod.doMethodInvoke(MetaMethod.java:226)
	at groovy.lang.MetaClassImpl.invokeMethod(MetaClassImpl.java:899)
	at groovy.lang.ExpandoMetaClass.invokeMethod(ExpandoMetaClass.java:946)
	at groovy.lang.MetaClassImpl.invokeMethod(MetaClassImpl.java:740)
	at groovy.lang.Closure.call(Closure.java:292)
	at groovy.lang.Closure.call(Closure.java:287)
	at org.codehaus.groovy.grails.web.taglib.GroovyPageTagBody.captureClosureOutput(GroovyPageTagBody.java:88)
	at org.codehaus.groovy.grails.web.taglib.GroovyPageTagBody.call(GroovyPageTagBody.java:123)
	at sun.reflect.NativeMethodAccessorImpl.invoke0(Native Method)
	at sun.reflect.NativeMethodAccessorImpl.invoke(NativeMethodAccessorImpl.java:39)
	at sun.reflect.DelegatingMethodAccessorImpl.invoke(DelegatingMethodAccessorImpl.java:25)
	at java.lang.reflect.Method.invoke(Method.java:585)
	at org.codehaus.groovy.reflection.CachedMethod.invoke(CachedMethod.java:86)
	at groovy.lang.MetaMethod.doMethodInvoke(MetaMethod.java:226)
	at groovy.lang.MetaClassImpl.invokeMethod(MetaClassImpl.java:899)
	at groovy.lang.ExpandoMetaClass.invokeMethod(ExpandoMetaClass.java:946)
	at groovy.lang.MetaClassImpl.invokeMethod(MetaClassImpl.java:740)
	at org.codehaus.groovy.runtime.InvokerHelper.invokePogoMethod(InvokerHelper.java:777)
	at org.codehaus.groovy.runtime.InvokerHelper.invokeMethod(InvokerHelper.java:757)
	at org.codehaus.groovy.runtime.ScriptBytecodeAdapter.invokeMethodN(ScriptBytecodeAdapter.java:167)
	at org.codehaus.groovy.runtime.ScriptBytecodeAdapter.invokeClosure(ScriptBytecodeAdapter.java:598)
	at SeleniumTagLib$_closure1.doCall(SeleniumTagLib.groovy:5)
	at sun.reflect.NativeMethodAccessorImpl.invoke0(Native Method)
	at sun.reflect.NativeMethodAccessorImpl.invoke(NativeMethodAccessorImpl.java:39)
	at sun.reflect.DelegatingMethodAccessorImpl.invoke(DelegatingMethodAccessorImpl.java:25)
	at java.lang.reflect.Method.invoke(Method.java:585)
	at org.codehaus.groovy.reflection.CachedMethod.invoke(CachedMethod.java:86)
	at groovy.lang.MetaMethod.doMethodInvoke(MetaMethod.java:226)
	at groovy.lang.MetaClassImpl.invokeMethod(MetaClassImpl.java:899)
	at groovy.lang.ExpandoMetaClass.invokeMethod(ExpandoMetaClass.java:946)
	at groovy.lang.MetaClassImpl.invokeMethod(MetaClassImpl.java:740)
	at groovy.lang.Closure.call(Closure.java:292)
	at org.codehaus.groovy.grails.web.pages.GroovyPage.invokeTag(GroovyPage.java:219)
	at sun.reflect.NativeMethodAccessorImpl.invoke0(Native Method)
	at sun.reflect.NativeMethodAccessorImpl.invoke(NativeMethodAccessorImpl.java:39)
	at sun.reflect.DelegatingMethodAccessorImpl.invoke(DelegatingMethodAccessorImpl.java:25)
	at java.lang.reflect.Method.invoke(Method.java:585)
	at org.codehaus.groovy.reflection.CachedMethod.invoke(CachedMethod.java:86)
	at groovy.lang.MetaMethod.doMethodInvoke(MetaMethod.java:226)
	at groovy.lang.MetaClassImpl.invokeMethod(MetaClassImpl.java:899)
	at groovy.lang.ExpandoMetaClass.invokeMethod(ExpandoMetaClass.java:946)
	at org.codehaus.groovy.runtime.ScriptBytecodeAdapter.invokeMethodOnCurrentN(ScriptBytecodeAdapter.java:77)
	at Users_mraible_dev_appfuse_light_extras_grails_web_app_selenium_tests_user_gsp.run(Users_mraible_dev_appfuse_light_extras_grails_web_app_selenium_tests_user_gsp:50)
	at org.codehaus.groovy.grails.web.pages.GroovyPageWritable.writeTo(GroovyPageWritable.java:134)
	at org.codehaus.groovy.grails.web.pages.GroovyPagesServlet.renderPageWithEngine(GroovyPagesServlet.java:157)
	at org.codehaus.groovy.grails.web.pages.GroovyPagesServlet.doPage(GroovyPagesServlet.java:131)
	at org.codehaus.groovy.grails.web.pages.GroovyPagesServlet.doGet(GroovyPagesServlet.java:95)
	at javax.servlet.http.HttpServlet.service(HttpServlet.java:707)
	at javax.servlet.http.HttpServlet.service(HttpServlet.java:820)
	at org.mortbay.jetty.servlet.ServletHolder.handle(ServletHolder.java:487)
	at org.mortbay.jetty.servlet.ServletHandler$CachedChain.doFilter(ServletHandler.java:1098)
	at org.codehaus.groovy.grails.web.mapping.filter.UrlMappingsFilter.processFilterChain(UrlMappingsFilter.java:156)
	at org.codehaus.groovy.grails.web.mapping.filter.UrlMappingsFilter.doFilterInternal(UrlMappingsFilter.java:147)
	at org.springframework.web.filter.OncePerRequestFilter.doFilter(OncePerRequestFilter.java:75)
	at org.mortbay.jetty.servlet.ServletHandler$CachedChain.doFilter(ServletHandler.java:1089)
	at org.codehaus.groovy.grails.web.sitemesh.GrailsPageFilter.parsePage(GrailsPageFilter.java:119)
	at org.codehaus.groovy.grails.web.sitemesh.GrailsPageFilter.doFilter(GrailsPageFilter.java:82)
	at org.mortbay.jetty.servlet.ServletHandler$CachedChain.doFilter(ServletHandler.java:1089)
	at org.codehaus.groovy.grails.web.servlet.filter.GrailsReloadServletFilter.doFilterInternal(GrailsReloadServletFilter.java:98)
	at org.springframework.web.filter.OncePerRequestFilter.doFilter(OncePerRequestFilter.java:75)
	at org.mortbay.jetty.servlet.ServletHandler$CachedChain.doFilter(ServletHandler.java:1089)
	at org.codehaus.groovy.grails.web.servlet.mvc.GrailsWebRequestFilter.doFilterInternal(GrailsWebRequestFilter.java:68)
	at org.springframework.web.filter.OncePerRequestFilter.doFilter(OncePerRequestFilter.java:75)
	at org.mortbay.jetty.servlet.ServletHandler$CachedChain.doFilter(ServletHandler.java:1089)
	at org.springframework.web.filter.CharacterEncodingFilter.doFilterInternal(CharacterEncodingFilter.java:96)
	at org.springframework.web.filter.OncePerRequestFilter.doFilter(OncePerRequestFilter.java:75)
	at org.springframework.web.filter.DelegatingFilterProxy.invokeDelegate(DelegatingFilterProxy.java:183)
	at org.springframework.web.filter.DelegatingFilterProxy.doFilter(DelegatingFilterProxy.java:138)
	at org.mortbay.jetty.servlet.ServletHandler$CachedChain.doFilter(ServletHandler.java:1089)
	at org.mortbay.jetty.servlet.ServletHandler.handle(ServletHandler.java:365)
	at org.mortbay.jetty.security.SecurityHandler.handle(SecurityHandler.java:216)
	at org.mortbay.jetty.servlet.SessionHandler.handle(SessionHandler.java:181)
	at org.mortbay.jetty.handler.ContextHandler.handle(ContextHandler.java:712)
	at org.mortbay.jetty.webapp.WebAppContext.handle(WebAppContext.java:405)
	at org.mortbay.jetty.handler.HandlerWrapper.handle(HandlerWrapper.java:139)
	at org.mortbay.jetty.Server.handle(Server.java:295)
	at org.mortbay.jetty.HttpConnection.handleRequest(HttpConnection.java:503)
	at org.mortbay.jetty.HttpConnection$RequestHandler.headerComplete(HttpConnection.java:827)
	at org.mortbay.jetty.HttpParser.parseNext(HttpParser.java:511)
	at org.mortbay.jetty.HttpParser.parseAvailable(HttpParser.java:210)
	at org.mortbay.jetty.HttpConnection.handle(HttpConnection.java:379)
	at org.mortbay.io.nio.SelectChannelEndPoint.run(SelectChannelEndPoint.java:361)
	at org.mortbay.thread.BoundedThreadPool$PoolThread.run(BoundedThreadPool.java:442)
[276998] StackTrace Sanitizing stacktrace:
java.lang.NullPointerException
	at org.codehaus.groovy.runtime.InvokerHelper.getProperty(InvokerHelper.java:178)
	at org.codehaus.groovy.runtime.ScriptBytecodeAdapter.getProperty(ScriptBytecodeAdapter.java:474)
	at Users_mraible_dev_appfuse_light_extras_grails_web_app_selenium_tests_user_gsp$_run_closure2.doCall(Users_mraible_dev_appfuse_light_extras_grails_web_app_selenium_tests_user_gsp:30)
	at sun.reflect.NativeMethodAccessorImpl.invoke0(Native Method)
	at sun.reflect.NativeMethodAccessorImpl.invoke(NativeMethodAccessorImpl.java:39)
	at sun.reflect.DelegatingMethodAccessorImpl.invoke(DelegatingMethodAccessorImpl.java:25)
	at java.lang.reflect.Method.invoke(Method.java:585)
	at org.codehaus.groovy.reflection.CachedMethod.invoke(CachedMethod.java:86)
	at groovy.lang.MetaMethod.doMethodInvoke(MetaMethod.java:226)
	at groovy.lang.MetaClassImpl.invokeMethod(MetaClassImpl.java:899)
	at groovy.lang.ExpandoMetaClass.invokeMethod(ExpandoMetaClass.java:946)
	at org.codehaus.groovy.runtime.ScriptBytecodeAdapter.invokeMethodOnCurrentN(ScriptBytecodeAdapter.java:77)
	at Users_mraible_dev_appfuse_light_extras_grails_web_app_selenium_tests_user_gsp$_run_closure2.doCall(Users_mraible_dev_appfuse_light_extras_grails_web_app_selenium_tests_user_gsp)
	at sun.reflect.NativeMethodAccessorImpl.invoke0(Native Method)
	at sun.reflect.NativeMethodAccessorImpl.invoke(NativeMethodAccessorImpl.java:39)
	at sun.reflect.DelegatingMethodAccessorImpl.invoke(DelegatingMethodAccessorImpl.java:25)
	at java.lang.reflect.Method.invoke(Method.java:585)
	at org.codehaus.groovy.reflection.CachedMethod.invoke(CachedMethod.java:86)
	at groovy.lang.MetaMethod.doMethodInvoke(MetaMethod.java:226)
	at groovy.lang.MetaClassImpl.invokeMethod(MetaClassImpl.java:899)
	at groovy.lang.ExpandoMetaClass.invokeMethod(ExpandoMetaClass.java:946)
	at groovy.lang.MetaClassImpl.invokeMethod(MetaClassImpl.java:740)
	at groovy.lang.Closure.call(Closure.java:292)
	at groovy.lang.Closure.call(Closure.java:287)
	at org.codehaus.groovy.grails.web.taglib.GroovyPageTagBody.captureClosureOutput(GroovyPageTagBody.java:88)
	at org.codehaus.groovy.grails.web.taglib.GroovyPageTagBody.call(GroovyPageTagBody.java:123)
	at sun.reflect.NativeMethodAccessorImpl.invoke0(Native Method)
	at sun.reflect.NativeMethodAccessorImpl.invoke(NativeMethodAccessorImpl.java:39)
	at sun.reflect.DelegatingMethodAccessorImpl.invoke(DelegatingMethodAccessorImpl.java:25)
	at java.lang.reflect.Method.invoke(Method.java:585)
	at org.codehaus.groovy.reflection.CachedMethod.invoke(CachedMethod.java:86)
	at groovy.lang.MetaMethod.doMethodInvoke(MetaMethod.java:226)
	at groovy.lang.MetaClassImpl.invokeMethod(MetaClassImpl.java:899)
	at groovy.lang.ExpandoMetaClass.invokeMethod(ExpandoMetaClass.java:946)
	at groovy.lang.MetaClassImpl.invokeMethod(MetaClassImpl.java:740)
	at org.codehaus.groovy.runtime.InvokerHelper.invokePogoMethod(InvokerHelper.java:777)
	at org.codehaus.groovy.runtime.InvokerHelper.invokeMethod(InvokerHelper.java:757)
	at org.codehaus.groovy.runtime.ScriptBytecodeAdapter.invokeMethodN(ScriptBytecodeAdapter.java:167)
	at org.codehaus.groovy.runtime.ScriptBytecodeAdapter.invokeClosure(ScriptBytecodeAdapter.java:598)
	at SeleniumTagLib$_closure1.doCall(SeleniumTagLib.groovy:5)
	at sun.reflect.NativeMethodAccessorImpl.invoke0(Native Method)
	at sun.reflect.NativeMethodAccessorImpl.invoke(NativeMethodAccessorImpl.java:39)
	at sun.reflect.DelegatingMethodAccessorImpl.invoke(DelegatingMethodAccessorImpl.java:25)
	at java.lang.reflect.Method.invoke(Method.java:585)
	at org.codehaus.groovy.reflection.CachedMethod.invoke(CachedMethod.java:86)
	at groovy.lang.MetaMethod.doMethodInvoke(MetaMethod.java:226)
	at groovy.lang.MetaClassImpl.invokeMethod(MetaClassImpl.java:899)
	at groovy.lang.ExpandoMetaClass.invokeMethod(ExpandoMetaClass.java:946)
	at groovy.lang.MetaClassImpl.invokeMethod(MetaClassImpl.java:740)
	at groovy.lang.Closure.call(Closure.java:292)
	at org.codehaus.groovy.grails.web.pages.GroovyPage.invokeTag(GroovyPage.java:219)
	at sun.reflect.GeneratedMethodAccessor170.invoke(Unknown Source)
	at sun.reflect.DelegatingMethodAccessorImpl.invoke(DelegatingMethodAccessorImpl.java:25)
	at java.lang.reflect.Method.invoke(Method.java:585)
	at org.codehaus.groovy.reflection.CachedMethod.invoke(CachedMethod.java:86)
	at groovy.lang.MetaMethod.doMethodInvoke(MetaMethod.java:226)
	at groovy.lang.MetaClassImpl.invokeMethod(MetaClassImpl.java:899)
	at groovy.lang.ExpandoMetaClass.invokeMethod(ExpandoMetaClass.java:946)
	at org.codehaus.groovy.runtime.ScriptBytecodeAdapter.invokeMethodOnCurrentN(ScriptBytecodeAdapter.java:77)
	at Users_mraible_dev_appfuse_light_extras_grails_web_app_selenium_tests_user_gsp.run(Users_mraible_dev_appfuse_light_extras_grails_web_app_selenium_tests_user_gsp:50)
	at org.codehaus.groovy.grails.web.pages.GroovyPageWritable.writeTo(GroovyPageWritable.java:134)
	at org.codehaus.groovy.grails.web.pages.GroovyPagesServlet.renderPageWithEngine(GroovyPagesServlet.java:157)
	at org.codehaus.groovy.grails.web.pages.GroovyPagesServlet.doPage(GroovyPagesServlet.java:131)
	at org.codehaus.groovy.grails.web.pages.GroovyPagesServlet.doGet(GroovyPagesServlet.java:95)
	at javax.servlet.http.HttpServlet.service(HttpServlet.java:707)
	at javax.servlet.http.HttpServlet.service(HttpServlet.java:820)
	at org.mortbay.jetty.servlet.ServletHolder.handle(ServletHolder.java:487)
	at org.mortbay.jetty.servlet.ServletHandler$CachedChain.doFilter(ServletHandler.java:1098)
	at org.codehaus.groovy.grails.web.mapping.filter.UrlMappingsFilter.processFilterChain(UrlMappingsFilter.java:156)
	at org.codehaus.groovy.grails.web.mapping.filter.UrlMappingsFilter.doFilterInternal(UrlMappingsFilter.java:147)
	at org.springframework.web.filter.OncePerRequestFilter.doFilter(OncePerRequestFilter.java:75)
	at org.mortbay.jetty.servlet.ServletHandler$CachedChain.doFilter(ServletHandler.java:1089)
	at org.codehaus.groovy.grails.web.sitemesh.GrailsPageFilter.parsePage(GrailsPageFilter.java:119)
	at org.codehaus.groovy.grails.web.sitemesh.GrailsPageFilter.doFilter(GrailsPageFilter.java:82)
	at org.mortbay.jetty.servlet.ServletHandler$CachedChain.doFilter(ServletHandler.java:1089)
	at org.codehaus.groovy.grails.web.servlet.filter.GrailsReloadServletFilter.doFilterInternal(GrailsReloadServletFilter.java:98)
	at org.springframework.web.filter.OncePerRequestFilter.doFilter(OncePerRequestFilter.java:75)
	at org.mortbay.jetty.servlet.ServletHandler$CachedChain.doFilter(ServletHandler.java:1089)
	at org.codehaus.groovy.grails.web.servlet.mvc.GrailsWebRequestFilter.doFilterInternal(GrailsWebRequestFilter.java:68)
	at org.springframework.web.filter.OncePerRequestFilter.doFilter(OncePerRequestFilter.java:75)
	at org.mortbay.jetty.servlet.ServletHandler$CachedChain.doFilter(ServletHandler.java:1089)
	at org.springframework.web.filter.CharacterEncodingFilter.doFilterInternal(CharacterEncodingFilter.java:96)
	at org.springframework.web.filter.OncePerRequestFilter.doFilter(OncePerRequestFilter.java:75)
	at org.springframework.web.filter.DelegatingFilterProxy.invokeDelegate(DelegatingFilterProxy.java:183)
	at org.springframework.web.filter.DelegatingFilterProxy.doFilter(DelegatingFilterProxy.java:138)
	at org.mortbay.jetty.servlet.ServletHandler$CachedChain.doFilter(ServletHandler.java:1089)
	at org.mortbay.jetty.servlet.ServletHandler.handle(ServletHandler.java:365)
	at org.mortbay.jetty.security.SecurityHandler.handle(SecurityHandler.java:216)
	at org.mortbay.jetty.servlet.SessionHandler.handle(SessionHandler.java:181)
	at org.mortbay.jetty.handler.ContextHandler.handle(ContextHandler.java:712)
	at org.mortbay.jetty.webapp.WebAppContext.handle(WebAppContext.java:405)
	at org.mortbay.jetty.handler.HandlerWrapper.handle(HandlerWrapper.java:139)
	at org.mortbay.jetty.Server.handle(Server.java:295)
	at org.mortbay.jetty.HttpConnection.handleRequest(HttpConnection.java:503)
	at org.mortbay.jetty.HttpConnection$RequestHandler.headerComplete(HttpConnection.java:827)
	at org.mortbay.jetty.HttpParser.parseNext(HttpParser.java:511)
	at org.mortbay.jetty.HttpParser.parseAvailable(HttpParser.java:210)
	at org.mortbay.jetty.HttpConnection.handle(HttpConnection.java:379)
	at org.mortbay.io.nio.SelectChannelEndPoint.run(SelectChannelEndPoint.java:361)
	at org.mortbay.thread.BoundedThreadPool$PoolThread.run(BoundedThreadPool.java:442)
[671624] StackTrace Sanitizing stacktrace:
org.codehaus.groovy.control.MultipleCompilationErrorsException: startup failed, Users_mraible_dev_appfuse_light_extras_grails_web_app_selenium_tests_user_gsp: 31: unexpected token: } @ line 31, column 64.
1 error

	at org.codehaus.groovy.control.ErrorCollector.failIfErrors(ErrorCollector.java:296)
	at org.codehaus.groovy.control.ErrorCollector.addFatalError(ErrorCollector.java:143)
	at org.codehaus.groovy.control.ErrorCollector.addError(ErrorCollector.java:113)
	at org.codehaus.groovy.control.ErrorCollector.addError(ErrorCollector.java:125)
	at org.codehaus.groovy.control.SourceUnit.addError(SourceUnit.java:348)
	at org.codehaus.groovy.antlr.AntlrParserPlugin.parseCST(AntlrParserPlugin.java:85)
	at org.codehaus.groovy.control.SourceUnit.parse(SourceUnit.java:244)
	at org.codehaus.groovy.control.CompilationUnit$1.call(CompilationUnit.java:143)
	at org.codehaus.groovy.control.CompilationUnit.applyToSourceUnits(CompilationUnit.java:772)
	at org.codehaus.groovy.control.CompilationUnit.compile(CompilationUnit.java:438)
	at groovy.lang.GroovyClassLoader.parseClass(GroovyClassLoader.java:277)
	at groovy.lang.GroovyClassLoader.parseClass(GroovyClassLoader.java:248)
	at groovy.lang.GroovyClassLoader.parseClass(GroovyClassLoader.java:243)
	at org.codehaus.groovy.grails.web.pages.GroovyPagesTemplateEngine.compileGroovyPage(GroovyPagesTemplateEngine.java:420)
	at org.codehaus.groovy.grails.web.pages.GroovyPagesTemplateEngine.buildPageMetaInfo(GroovyPagesTemplateEngine.java:402)
	at org.codehaus.groovy.grails.web.pages.GroovyPagesTemplateEngine.createTemplate(GroovyPagesTemplateEngine.java:293)
	at org.codehaus.groovy.grails.web.pages.GroovyPagesTemplateEngine.createTemplateWithResource(GroovyPagesTemplateEngine.java:277)
	at org.codehaus.groovy.grails.web.pages.GroovyPagesTemplateEngine.createTemplate(GroovyPagesTemplateEngine.java:156)
	at org.codehaus.groovy.grails.web.pages.GroovyPagesServlet.renderPageWithEngine(GroovyPagesServlet.java:148)
	at org.codehaus.groovy.grails.web.pages.GroovyPagesServlet.doPage(GroovyPagesServlet.java:131)
	at org.codehaus.groovy.grails.web.pages.GroovyPagesServlet.doGet(GroovyPagesServlet.java:95)
	at javax.servlet.http.HttpServlet.service(HttpServlet.java:707)
	at javax.servlet.http.HttpServlet.service(HttpServlet.java:820)
	at org.mortbay.jetty.servlet.ServletHolder.handle(ServletHolder.java:487)
	at org.mortbay.jetty.servlet.ServletHandler$CachedChain.doFilter(ServletHandler.java:1098)
	at org.codehaus.groovy.grails.web.mapping.filter.UrlMappingsFilter.processFilterChain(UrlMappingsFilter.java:156)
	at org.codehaus.groovy.grails.web.mapping.filter.UrlMappingsFilter.doFilterInternal(UrlMappingsFilter.java:147)
	at org.springframework.web.filter.OncePerRequestFilter.doFilter(OncePerRequestFilter.java:75)
	at org.mortbay.jetty.servlet.ServletHandler$CachedChain.doFilter(ServletHandler.java:1089)
	at org.codehaus.groovy.grails.web.sitemesh.GrailsPageFilter.parsePage(GrailsPageFilter.java:119)
	at org.codehaus.groovy.grails.web.sitemesh.GrailsPageFilter.doFilter(GrailsPageFilter.java:82)
	at org.mortbay.jetty.servlet.ServletHandler$CachedChain.doFilter(ServletHandler.java:1089)
	at org.codehaus.groovy.grails.web.servlet.filter.GrailsReloadServletFilter.doFilterInternal(GrailsReloadServletFilter.java:98)
	at org.springframework.web.filter.OncePerRequestFilter.doFilter(OncePerRequestFilter.java:75)
	at org.mortbay.jetty.servlet.ServletHandler$CachedChain.doFilter(ServletHandler.java:1089)
	at org.codehaus.groovy.grails.web.servlet.mvc.GrailsWebRequestFilter.doFilterInternal(GrailsWebRequestFilter.java:68)
	at org.springframework.web.filter.OncePerRequestFilter.doFilter(OncePerRequestFilter.java:75)
	at org.mortbay.jetty.servlet.ServletHandler$CachedChain.doFilter(ServletHandler.java:1089)
	at org.springframework.web.filter.CharacterEncodingFilter.doFilterInternal(CharacterEncodingFilter.java:96)
	at org.springframework.web.filter.OncePerRequestFilter.doFilter(OncePerRequestFilter.java:75)
	at org.springframework.web.filter.DelegatingFilterProxy.invokeDelegate(DelegatingFilterProxy.java:183)
	at org.springframework.web.filter.DelegatingFilterProxy.doFilter(DelegatingFilterProxy.java:138)
	at org.mortbay.jetty.servlet.ServletHandler$CachedChain.doFilter(ServletHandler.java:1089)
	at org.mortbay.jetty.servlet.ServletHandler.handle(ServletHandler.java:365)
	at org.mortbay.jetty.security.SecurityHandler.handle(SecurityHandler.java:216)
	at org.mortbay.jetty.servlet.SessionHandler.handle(SessionHandler.java:181)
	at org.mortbay.jetty.handler.ContextHandler.handle(ContextHandler.java:712)
	at org.mortbay.jetty.webapp.WebAppContext.handle(WebAppContext.java:405)
	at org.mortbay.jetty.handler.HandlerWrapper.handle(HandlerWrapper.java:139)
	at org.mortbay.jetty.Server.handle(Server.java:295)
	at org.mortbay.jetty.HttpConnection.handleRequest(HttpConnection.java:503)
	at org.mortbay.jetty.HttpConnection$RequestHandler.headerComplete(HttpConnection.java:827)
	at org.mortbay.jetty.HttpParser.parseNext(HttpParser.java:511)
	at org.mortbay.jetty.HttpParser.parseAvailable(HttpParser.java:210)
	at org.mortbay.jetty.HttpConnection.handle(HttpConnection.java:379)
	at org.mortbay.io.nio.SelectChannelEndPoint.run(SelectChannelEndPoint.java:361)
	at org.mortbay.thread.BoundedThreadPool$PoolThread.run(BoundedThreadPool.java:442)
[767765] StackTrace Sanitizing stacktrace:
org.codehaus.groovy.control.MultipleCompilationErrorsException: startup failed, Users_mraible_dev_appfuse_light_extras_grails_web_app_selenium_tests_user_gsp: 32: unexpected token: } @ line 32, column 64.
1 error

	at org.codehaus.groovy.control.ErrorCollector.failIfErrors(ErrorCollector.java:296)
	at org.codehaus.groovy.control.ErrorCollector.addFatalError(ErrorCollector.java:143)
	at org.codehaus.groovy.control.ErrorCollector.addError(ErrorCollector.java:113)
	at org.codehaus.groovy.control.ErrorCollector.addError(ErrorCollector.java:125)
	at org.codehaus.groovy.control.SourceUnit.addError(SourceUnit.java:348)
	at org.codehaus.groovy.antlr.AntlrParserPlugin.parseCST(AntlrParserPlugin.java:85)
	at org.codehaus.groovy.control.SourceUnit.parse(SourceUnit.java:244)
	at org.codehaus.groovy.control.CompilationUnit$1.call(CompilationUnit.java:143)
	at org.codehaus.groovy.control.CompilationUnit.applyToSourceUnits(CompilationUnit.java:772)
	at org.codehaus.groovy.control.CompilationUnit.compile(CompilationUnit.java:438)
	at groovy.lang.GroovyClassLoader.parseClass(GroovyClassLoader.java:277)
	at groovy.lang.GroovyClassLoader.parseClass(GroovyClassLoader.java:248)
	at groovy.lang.GroovyClassLoader.parseClass(GroovyClassLoader.java:243)
	at org.codehaus.groovy.grails.web.pages.GroovyPagesTemplateEngine.compileGroovyPage(GroovyPagesTemplateEngine.java:420)
	at org.codehaus.groovy.grails.web.pages.GroovyPagesTemplateEngine.buildPageMetaInfo(GroovyPagesTemplateEngine.java:402)
	at org.codehaus.groovy.grails.web.pages.GroovyPagesTemplateEngine.createTemplate(GroovyPagesTemplateEngine.java:293)
	at org.codehaus.groovy.grails.web.pages.GroovyPagesTemplateEngine.createTemplateWithResource(GroovyPagesTemplateEngine.java:277)
	at org.codehaus.groovy.grails.web.pages.GroovyPagesTemplateEngine.createTemplate(GroovyPagesTemplateEngine.java:156)
	at org.codehaus.groovy.grails.web.pages.GroovyPagesServlet.renderPageWithEngine(GroovyPagesServlet.java:148)
	at org.codehaus.groovy.grails.web.pages.GroovyPagesServlet.doPage(GroovyPagesServlet.java:131)
	at org.codehaus.groovy.grails.web.pages.GroovyPagesServlet.doGet(GroovyPagesServlet.java:95)
	at javax.servlet.http.HttpServlet.service(HttpServlet.java:707)
	at javax.servlet.http.HttpServlet.service(HttpServlet.java:820)
	at org.mortbay.jetty.servlet.ServletHolder.handle(ServletHolder.java:487)
	at org.mortbay.jetty.servlet.ServletHandler$CachedChain.doFilter(ServletHandler.java:1098)
	at org.codehaus.groovy.grails.web.mapping.filter.UrlMappingsFilter.processFilterChain(UrlMappingsFilter.java:156)
	at org.codehaus.groovy.grails.web.mapping.filter.UrlMappingsFilter.doFilterInternal(UrlMappingsFilter.java:147)
	at org.springframework.web.filter.OncePerRequestFilter.doFilter(OncePerRequestFilter.java:75)
	at org.mortbay.jetty.servlet.ServletHandler$CachedChain.doFilter(ServletHandler.java:1089)
	at org.codehaus.groovy.grails.web.sitemesh.GrailsPageFilter.parsePage(GrailsPageFilter.java:119)
	at org.codehaus.groovy.grails.web.sitemesh.GrailsPageFilter.doFilter(GrailsPageFilter.java:82)
	at org.mortbay.jetty.servlet.ServletHandler$CachedChain.doFilter(ServletHandler.java:1089)
	at org.codehaus.groovy.grails.web.servlet.filter.GrailsReloadServletFilter.doFilterInternal(GrailsReloadServletFilter.java:98)
	at org.springframework.web.filter.OncePerRequestFilter.doFilter(OncePerRequestFilter.java:75)
	at org.mortbay.jetty.servlet.ServletHandler$CachedChain.doFilter(ServletHandler.java:1089)
	at org.codehaus.groovy.grails.web.servlet.mvc.GrailsWebRequestFilter.doFilterInternal(GrailsWebRequestFilter.java:68)
	at org.springframework.web.filter.OncePerRequestFilter.doFilter(OncePerRequestFilter.java:75)
	at org.mortbay.jetty.servlet.ServletHandler$CachedChain.doFilter(ServletHandler.java:1089)
	at org.springframework.web.filter.CharacterEncodingFilter.doFilterInternal(CharacterEncodingFilter.java:96)
	at org.springframework.web.filter.OncePerRequestFilter.doFilter(OncePerRequestFilter.java:75)
	at org.springframework.web.filter.DelegatingFilterProxy.invokeDelegate(DelegatingFilterProxy.java:183)
	at org.springframework.web.filter.DelegatingFilterProxy.doFilter(DelegatingFilterProxy.java:138)
	at org.mortbay.jetty.servlet.ServletHandler$CachedChain.doFilter(ServletHandler.java:1089)
	at org.mortbay.jetty.servlet.ServletHandler.handle(ServletHandler.java:365)
	at org.mortbay.jetty.security.SecurityHandler.handle(SecurityHandler.java:216)
	at org.mortbay.jetty.servlet.SessionHandler.handle(SessionHandler.java:181)
	at org.mortbay.jetty.handler.ContextHandler.handle(ContextHandler.java:712)
	at org.mortbay.jetty.webapp.WebAppContext.handle(WebAppContext.java:405)
	at org.mortbay.jetty.handler.HandlerWrapper.handle(HandlerWrapper.java:139)
	at org.mortbay.jetty.Server.handle(Server.java:295)
	at org.mortbay.jetty.HttpConnection.handleRequest(HttpConnection.java:503)
	at org.mortbay.jetty.HttpConnection$RequestHandler.headerComplete(HttpConnection.java:827)
	at org.mortbay.jetty.HttpParser.parseNext(HttpParser.java:511)
	at org.mortbay.jetty.HttpParser.parseAvailable(HttpParser.java:210)
	at org.mortbay.jetty.HttpConnection.handle(HttpConnection.java:379)
	at org.mortbay.io.nio.SelectChannelEndPoint.run(SelectChannelEndPoint.java:361)
	at org.mortbay.thread.BoundedThreadPool$PoolThread.run(BoundedThreadPool.java:442)
[780134] StackTrace Sanitizing stacktrace:
org.codehaus.groovy.control.MultipleCompilationErrorsException: startup failed, Users_mraible_dev_appfuse_light_extras_grails_web_app_selenium_tests_user_gsp: 32: unexpected token: } @ line 32, column 64.
1 error

	at org.codehaus.groovy.control.ErrorCollector.failIfErrors(ErrorCollector.java:296)
	at org.codehaus.groovy.control.ErrorCollector.addFatalError(ErrorCollector.java:143)
	at org.codehaus.groovy.control.ErrorCollector.addError(ErrorCollector.java:113)
	at org.codehaus.groovy.control.ErrorCollector.addError(ErrorCollector.java:125)
	at org.codehaus.groovy.control.SourceUnit.addError(SourceUnit.java:348)
	at org.codehaus.groovy.antlr.AntlrParserPlugin.parseCST(AntlrParserPlugin.java:85)
	at org.codehaus.groovy.control.SourceUnit.parse(SourceUnit.java:244)
	at org.codehaus.groovy.control.CompilationUnit$1.call(CompilationUnit.java:143)
	at org.codehaus.groovy.control.CompilationUnit.applyToSourceUnits(CompilationUnit.java:772)
	at org.codehaus.groovy.control.CompilationUnit.compile(CompilationUnit.java:438)
	at groovy.lang.GroovyClassLoader.parseClass(GroovyClassLoader.java:277)
	at groovy.lang.GroovyClassLoader.parseClass(GroovyClassLoader.java:248)
	at groovy.lang.GroovyClassLoader.parseClass(GroovyClassLoader.java:243)
	at org.codehaus.groovy.grails.web.pages.GroovyPagesTemplateEngine.compileGroovyPage(GroovyPagesTemplateEngine.java:420)
	at org.codehaus.groovy.grails.web.pages.GroovyPagesTemplateEngine.buildPageMetaInfo(GroovyPagesTemplateEngine.java:402)
	at org.codehaus.groovy.grails.web.pages.GroovyPagesTemplateEngine.createTemplate(GroovyPagesTemplateEngine.java:293)
	at org.codehaus.groovy.grails.web.pages.GroovyPagesTemplateEngine.createTemplateWithResource(GroovyPagesTemplateEngine.java:277)
	at org.codehaus.groovy.grails.web.pages.GroovyPagesTemplateEngine.createTemplate(GroovyPagesTemplateEngine.java:156)
	at org.codehaus.groovy.grails.web.pages.GroovyPagesServlet.renderPageWithEngine(GroovyPagesServlet.java:148)
	at org.codehaus.groovy.grails.web.pages.GroovyPagesServlet.doPage(GroovyPagesServlet.java:131)
	at org.codehaus.groovy.grails.web.pages.GroovyPagesServlet.doGet(GroovyPagesServlet.java:95)
	at javax.servlet.http.HttpServlet.service(HttpServlet.java:707)
	at javax.servlet.http.HttpServlet.service(HttpServlet.java:820)
	at org.mortbay.jetty.servlet.ServletHolder.handle(ServletHolder.java:487)
	at org.mortbay.jetty.servlet.ServletHandler$CachedChain.doFilter(ServletHandler.java:1098)
	at org.codehaus.groovy.grails.web.mapping.filter.UrlMappingsFilter.processFilterChain(UrlMappingsFilter.java:156)
	at org.codehaus.groovy.grails.web.mapping.filter.UrlMappingsFilter.doFilterInternal(UrlMappingsFilter.java:147)
	at org.springframework.web.filter.OncePerRequestFilter.doFilter(OncePerRequestFilter.java:75)
	at org.mortbay.jetty.servlet.ServletHandler$CachedChain.doFilter(ServletHandler.java:1089)
	at org.codehaus.groovy.grails.web.sitemesh.GrailsPageFilter.parsePage(GrailsPageFilter.java:119)
	at org.codehaus.groovy.grails.web.sitemesh.GrailsPageFilter.doFilter(GrailsPageFilter.java:82)
	at org.mortbay.jetty.servlet.ServletHandler$CachedChain.doFilter(ServletHandler.java:1089)
	at org.codehaus.groovy.grails.web.servlet.filter.GrailsReloadServletFilter.doFilterInternal(GrailsReloadServletFilter.java:98)
	at org.springframework.web.filter.OncePerRequestFilter.doFilter(OncePerRequestFilter.java:75)
	at org.mortbay.jetty.servlet.ServletHandler$CachedChain.doFilter(ServletHandler.java:1089)
	at org.codehaus.groovy.grails.web.servlet.mvc.GrailsWebRequestFilter.doFilterInternal(GrailsWebRequestFilter.java:68)
	at org.springframework.web.filter.OncePerRequestFilter.doFilter(OncePerRequestFilter.java:75)
	at org.mortbay.jetty.servlet.ServletHandler$CachedChain.doFilter(ServletHandler.java:1089)
	at org.springframework.web.filter.CharacterEncodingFilter.doFilterInternal(CharacterEncodingFilter.java:96)
	at org.springframework.web.filter.OncePerRequestFilter.doFilter(OncePerRequestFilter.java:75)
	at org.springframework.web.filter.DelegatingFilterProxy.invokeDelegate(DelegatingFilterProxy.java:183)
	at org.springframework.web.filter.DelegatingFilterProxy.doFilter(DelegatingFilterProxy.java:138)
	at org.mortbay.jetty.servlet.ServletHandler$CachedChain.doFilter(ServletHandler.java:1089)
	at org.mortbay.jetty.servlet.ServletHandler.handle(ServletHandler.java:365)
	at org.mortbay.jetty.security.SecurityHandler.handle(SecurityHandler.java:216)
	at org.mortbay.jetty.servlet.SessionHandler.handle(SessionHandler.java:181)
	at org.mortbay.jetty.handler.ContextHandler.handle(ContextHandler.java:712)
	at org.mortbay.jetty.webapp.WebAppContext.handle(WebAppContext.java:405)
	at org.mortbay.jetty.handler.HandlerWrapper.handle(HandlerWrapper.java:139)
	at org.mortbay.jetty.Server.handle(Server.java:295)
	at org.mortbay.jetty.HttpConnection.handleRequest(HttpConnection.java:503)
	at org.mortbay.jetty.HttpConnection$RequestHandler.headerComplete(HttpConnection.java:827)
	at org.mortbay.jetty.HttpParser.parseNext(HttpParser.java:511)
	at org.mortbay.jetty.HttpParser.parseAvailable(HttpParser.java:210)
	at org.mortbay.jetty.HttpConnection.handle(HttpConnection.java:379)
	at org.mortbay.io.nio.SelectChannelEndPoint.run(SelectChannelEndPoint.java:361)
	at org.mortbay.thread.BoundedThreadPool$PoolThread.run(BoundedThreadPool.java:442)
